INFO  2021-03-03 15:03:37 [nioEventLoopGroup-3-1] ServerPack.HandlerSerializable (HandlerSerializable.java:36) - Client is authorisation
INFO  2021-03-03 15:20:57 [main] ServerPack.ServerStart (ServerStart.java:9) - Server start
INFO  2021-03-03 15:21:28 [nioEventLoopGroup-3-1] ServerPack.HandlerSerializable (HandlerSerializable.java:36) - Client is authorisation
INFO  2021-03-03 15:21:54 [nioEventLoopGroup-3-1] ServerPack.HandlerSerializable (HandlerSerializable.java:131) - Удаленный хост принудительно разорвал существующее подключение
INFO  2021-03-05 14:10:58 [main] ServerPack.ServerStart (ServerStart.java:9) - Server start
INFO  2021-03-05 14:11:38 [nioEventLoopGroup-3-1] ServerPack.HandlerSerializable (HandlerSerializable.java:36) - Client is authorisation
<<<<<<< HEAD
INFO  2021-03-05 14:29:56 [main] ServerPack.ServerStart (ServerStart.java:9) - Server start
INFO  2021-03-05 14:30:27 [nioEventLoopGroup-3-1] ServerPack.HandlerSerializable (HandlerSerializable.java:36) - Client is authorisation
INFO  2021-03-05 14:31:24 [nioEventLoopGroup-3-1] ServerPack.HandlerSerializable (HandlerSerializable.java:131) - Удаленный хост принудительно разорвал существующее подключение
=======
>>>>>>> 266e906c31380b928f3a2f62e715f4e18ff283dd
INFO  2021-03-05 14:45:16 [main] ServerPack.ServerStart (ServerStart.java:9) - Server start
INFO  2021-03-05 14:45:42 [nioEventLoopGroup-3-1] ServerPack.HandlerSerializable (HandlerSerializable.java:36) - Client is authorisation
INFO  2021-03-05 14:46:06 [nioEventLoopGroup-3-1] ServerPack.HandlerSerializable (HandlerSerializable.java:131) - Удаленный хост принудительно разорвал существующее подключение
INFO  2021-03-05 22:56:19 [main] ServerPack.ServerStart (ServerStart.java:9) - Server start
INFO  2021-03-05 22:56:42 [nioEventLoopGroup-3-1] ServerPack.HandlerSerializable (HandlerSerializable.java:36) - Client is authorisation
INFO  2021-03-05 22:56:59 [nioEventLoopGroup-3-1] ServerPack.HandlerSerializable (HandlerSerializable.java:131) - Удаленный хост принудительно разорвал существующее подключение
INFO  2021-03-06 22:44:39 [nioEventLoopGroup-3-2] ServerPack.HandlerSerializable (HandlerSerializable.java:36) - Client is authorisation
INFO  2021-03-06 22:46:16 [main] ServerPack.ServerStart (ServerStart.java:9) - Server start
INFO  2021-03-06 22:46:48 [nioEventLoopGroup-3-1] ServerPack.HandlerSerializable (HandlerSerializable.java:36) - Client is authorisation
INFO  2021-03-06 22:47:52 [nioEventLoopGroup-3-1] ServerPack.HandlerSerializable (HandlerSerializable.java:131) - Удаленный хост принудительно разорвал существующее подключение
INFO  2021-03-06 22:48:43 [nioEventLoopGroup-3-2] ServerPack.HandlerSerializable (HandlerSerializable.java:36) - Client is authorisation
INFO  2021-03-06 22:49:14 [nioEventLoopGroup-3-2] ServerPack.HandlerSerializable (HandlerSerializable.java:131) - Удаленный хост принудительно разорвал существующее подключение
INFO  2021-03-06 22:50:09 [nioEventLoopGroup-3-3] ServerPack.HandlerSerializable (HandlerSerializable.java:36) - Client is authorisation
INFO  2021-03-06 22:50:30 [nioEventLoopGroup-3-3] ServerPack.HandlerSerializable (HandlerSerializable.java:131) - Удаленный хост принудительно разорвал существующее подключение
INFO  2021-03-06 22:51:18 [nioEventLoopGroup-3-4] ServerPack.HandlerSerializable (HandlerSerializable.java:36) - Client is authorisation
INFO  2021-03-06 22:53:51 [nioEventLoopGroup-3-4] ServerPack.HandlerSerializable (HandlerSerializable.java:131) - Удаленный хост принудительно разорвал существующее подключение
INFO  2021-03-06 22:54:08 [nioEventLoopGroup-3-5] ServerPack.HandlerSerializable (HandlerSerializable.java:36) - Client is authorisation
INFO  2021-03-06 22:55:57 [nioEventLoopGroup-3-5] ServerPack.HandlerSerializable (HandlerSerializable.java:131) - Удаленный хост принудительно разорвал существующее подключение
INFO  2021-03-06 22:56:14 [nioEventLoopGroup-3-6] ServerPack.HandlerSerializable (HandlerSerializable.java:36) - Client is authorisation
INFO  2021-03-06 22:57:48 [nioEventLoopGroup-3-6] ServerPack.HandlerSerializable (HandlerSerializable.java:131) - Удаленный хост принудительно разорвал существующее подключение
INFO  2021-03-06 23:00:40 [nioEventLoopGroup-3-7] ServerPack.HandlerSerializable (HandlerSerializable.java:36) - Client is authorisation
INFO  2021-03-06 23:01:01 [nioEventLoopGroup-3-7] ServerPack.HandlerSerializable (HandlerSerializable.java:131) - Удаленный хост принудительно разорвал существующее подключение
INFO  2021-03-06 23:01:27 [nioEventLoopGroup-3-8] ServerPack.HandlerSerializable (HandlerSerializable.java:36) - Client is authorisation
INFO  2021-03-06 23:01:33 [nioEventLoopGroup-3-8] ServerPack.HandlerSerializable (HandlerSerializable.java:131) - Удаленный хост принудительно разорвал существующее подключение
INFO  2021-03-06 23:02:01 [nioEventLoopGroup-3-9] ServerPack.HandlerSerializable (HandlerSerializable.java:36) - Client is authorisation
INFO  2021-03-06 23:02:10 [nioEventLoopGroup-3-9] ServerPack.HandlerSerializable (HandlerSerializable.java:131) - Удаленный хост принудительно разорвал существующее подключение
INFO  2021-03-06 23:02:40 [nioEventLoopGroup-3-10] ServerPack.HandlerSerializable (HandlerSerializable.java:36) - Client is authorisation
INFO  2021-03-06 23:02:53 [nioEventLoopGroup-3-10] ServerPack.HandlerSerializable (HandlerSerializable.java:131) - Удаленный хост принудительно разорвал существующее подключение
INFO  2021-03-06 23:23:25 [main] ServerPack.ServerStart (ServerStart.java:9) - Server start
INFO  2021-03-06 23:23:51 [nioEventLoopGroup-3-1] ServerPack.HandlerSerializable (HandlerSerializable.java:40) - Client is authorisation
INFO  2021-03-06 23:24:16 [nioEventLoopGroup-3-1] ServerPack.HandlerSerializable (HandlerSerializable.java:135) - Удаленный хост принудительно разорвал существующее подключение
INFO  2021-03-06 23:31:25 [main] ServerPack.ServerStart (ServerStart.java:9) - Server start
INFO  2021-03-06 23:34:12 [nioEventLoopGroup-3-1] ServerPack.HandlerSerializable (HandlerSerializable.java:42) - Client is authorisation
INFO  2021-03-06 23:34:24 [nioEventLoopGroup-3-1] ServerPack.HandlerSerializable (HandlerSerializable.java:42) - Client is authorisation
INFO  2021-03-06 23:35:46 [nioEventLoopGroup-3-1] ServerPack.HandlerSerializable (HandlerSerializable.java:137) - Удаленный хост принудительно разорвал существующее подключение
INFO  2021-03-06 23:36:06 [nioEventLoopGroup-3-2] ServerPack.HandlerSerializable (HandlerSerializable.java:42) - Client is authorisation
INFO  2021-03-06 23:36:13 [nioEventLoopGroup-3-2] ServerPack.HandlerSerializable (HandlerSerializable.java:42) - Client is authorisation
INFO  2021-03-06 23:38:07 [main] ServerPack.ServerStart (ServerStart.java:9) - Server start
INFO  2021-03-06 23:38:25 [nioEventLoopGroup-3-1] ServerPack.HandlerSerializable (HandlerSerializable.java:41) - Client is authorisation
INFO  2021-03-06 23:58:45 [main] ServerPack.ServerStart (ServerStart.java:9) - Server start
INFO  2021-03-06 23:59:05 [nioEventLoopGroup-3-1] ServerPack.HandlerSerializable (HandlerSerializable.java:41) - Client is authorisation
INFO  2021-03-07 00:01:11 [nioEventLoopGroup-3-1] ServerPack.HandlerSerializable (HandlerSerializable.java:137) - Удаленный хост принудительно разорвал существующее подключение
INFO  2021-03-07 00:01:28 [nioEventLoopGroup-3-2] ServerPack.HandlerSerializable (HandlerSerializable.java:41) - Client is authorisation
INFO  2021-03-07 00:02:38 [nioEventLoopGroup-3-2] ServerPack.HandlerSerializable (HandlerSerializable.java:137) - Удаленный хост принудительно разорвал существующее подключение
INFO  2021-03-07 00:14:03 [nioEventLoopGroup-3-3] ServerPack.HandlerSerializable (HandlerSerializable.java:41) - Client is authorisation
INFO  2021-03-07 00:15:18 [nioEventLoopGroup-3-3] ServerPack.HandlerSerializable (HandlerSerializable.java:137) - Удаленный хост принудительно разорвал существующее подключение
INFO  2021-03-07 00:32:08 [nioEventLoopGroup-3-4] ServerPack.HandlerSerializable (HandlerSerializable.java:41) - Client is authorisation
INFO  2021-03-07 00:32:21 [nioEventLoopGroup-3-4] ServerPack.HandlerSerializable (HandlerSerializable.java:137) - Удаленный хост принудительно разорвал существующее подключение
INFO  2021-03-07 00:33:33 [nioEventLoopGroup-3-5] ServerPack.HandlerSerializable (HandlerSerializable.java:41) - Client is authorisation
INFO  2021-03-07 00:36:46 [nioEventLoopGroup-3-5] ServerPack.HandlerSerializable (HandlerSerializable.java:137) - Удаленный хост принудительно разорвал существующее подключение
INFO  2021-03-07 00:37:02 [nioEventLoopGroup-3-6] ServerPack.HandlerSerializable (HandlerSerializable.java:41) - Client is authorisation
INFO  2021-03-07 00:37:34 [nioEventLoopGroup-3-6] ServerPack.HandlerSerializable (HandlerSerializable.java:137) - Удаленный хост принудительно разорвал существующее подключение
INFO  2021-03-07 00:39:38 [nioEventLoopGroup-3-7] ServerPack.HandlerSerializable (HandlerSerializable.java:41) - Client is authorisation
INFO  2021-03-07 00:40:20 [nioEventLoopGroup-3-7] ServerPack.HandlerSerializable (HandlerSerializable.java:137) - Удаленный хост принудительно разорвал существующее подключение
INFO  2021-03-07 14:47:22 [main] ServerPack.ServerStart (ServerStart.java:9) - Server start
INFO  2021-03-07 14:47:33 [nioEventLoopGroup-3-1] ServerPack.HandlerSerializable (HandlerSerializable.java:41) - Client is authorisation
INFO  2021-03-07 14:47:53 [nioEventLoopGroup-3-1] ServerPack.HandlerSerializable (HandlerSerializable.java:137) - Удаленный хост принудительно разорвал существующее подключение
INFO  2021-03-07 14:48:49 [nioEventLoopGroup-3-2] ServerPack.HandlerSerializable (HandlerSerializable.java:41) - Client is authorisation
INFO  2021-03-07 14:53:52 [nioEventLoopGroup-3-2] ServerPack.HandlerSerializable (HandlerSerializable.java:137) - Удаленный хост принудительно разорвал существующее подключение
INFO  2021-03-07 14:54:13 [nioEventLoopGroup-3-3] ServerPack.HandlerSerializable (HandlerSerializable.java:41) - Client is authorisation
INFO  2021-03-07 14:54:49 [nioEventLoopGroup-3-3] ServerPack.HandlerSerializable (HandlerSerializable.java:137) - Удаленный хост принудительно разорвал существующее подключение
INFO  2021-03-07 15:02:08 [nioEventLoopGroup-3-4] ServerPack.HandlerSerializable (HandlerSerializable.java:41) - Client is authorisation
INFO  2021-03-07 15:03:23 [nioEventLoopGroup-3-4] ServerPack.HandlerSerializable (HandlerSerializable.java:137) - Удаленный хост принудительно разорвал существующее подключение
INFO  2021-03-07 15:03:39 [nioEventLoopGroup-3-5] ServerPack.HandlerSerializable (HandlerSerializable.java:41) - Client is authorisation
INFO  2021-03-07 15:05:12 [nioEventLoopGroup-3-5] ServerPack.HandlerSerializable (HandlerSerializable.java:137) - Удаленный хост принудительно разорвал существующее подключение
INFO  2021-03-07 15:05:27 [nioEventLoopGroup-3-6] ServerPack.HandlerSerializable (HandlerSerializable.java:41) - Client is authorisation
INFO  2021-03-07 15:06:18 [nioEventLoopGroup-3-6] ServerPack.HandlerSerializable (HandlerSerializable.java:137) - Удаленный хост принудительно разорвал существующее подключение
INFO  2021-03-07 15:08:43 [nioEventLoopGroup-3-7] ServerPack.HandlerSerializable (HandlerSerializable.java:41) - Client is authorisation
INFO  2021-03-07 16:10:34 [main] ServerPack.ServerStart (ServerStart.java:9) - Server start
INFO  2021-03-07 16:11:03 [nioEventLoopGroup-3-1] ServerPack.HandlerSerializable (HandlerSerializable.java:41) - Client is authorisation
INFO  2021-03-07 16:13:27 [nioEventLoopGroup-3-2] ServerPack.HandlerSerializable (HandlerSerializable.java:41) - Client is authorisation
INFO  2021-03-07 16:14:17 [nioEventLoopGroup-3-2] ServerPack.HandlerSerializable (HandlerSerializable.java:149) - Удаленный хост принудительно разорвал существующее подключение
INFO  2021-03-07 16:14:33 [nioEventLoopGroup-3-3] ServerPack.HandlerSerializable (HandlerSerializable.java:50) - Client is not authorisation
INFO  2021-03-07 16:14:43 [nioEventLoopGroup-3-3] ServerPack.HandlerSerializable (HandlerSerializable.java:149) - Удаленный хост принудительно разорвал существующее подключение
INFO  2021-03-07 16:15:29 [nioEventLoopGroup-3-4] ServerPack.HandlerSerializable (HandlerSerializable.java:41) - Client is authorisation
INFO  2021-03-07 16:21:20 [nioEventLoopGroup-3-5] ServerPack.HandlerSerializable (HandlerSerializable.java:41) - Client is authorisation
INFO  2021-03-07 16:22:08 [nioEventLoopGroup-3-5] ServerPack.HandlerSerializable (HandlerSerializable.java:149) - Удаленный хост принудительно разорвал существующее подключение
INFO  2021-03-07 16:26:21 [nioEventLoopGroup-3-6] ServerPack.HandlerSerializable (HandlerSerializable.java:41) - Client is authorisation
INFO  2021-03-07 16:30:31 [nioEventLoopGroup-3-6] ServerPack.HandlerSerializable (HandlerSerializable.java:149) - Удаленный хост принудительно разорвал существующее подключение
INFO  2021-03-07 16:30:48 [nioEventLoopGroup-3-7] ServerPack.HandlerSerializable (HandlerSerializable.java:41) - Client is authorisation
INFO  2021-03-07 16:32:49 [nioEventLoopGroup-3-7] ServerPack.HandlerSerializable (HandlerSerializable.java:149) - Удаленный хост принудительно разорвал существующее подключение
INFO  2021-03-07 16:33:05 [nioEventLoopGroup-3-8] ServerPack.HandlerSerializable (HandlerSerializable.java:41) - Client is authorisation
INFO  2021-03-07 16:33:48 [nioEventLoopGroup-3-8] ServerPack.HandlerSerializable (HandlerSerializable.java:149) - Удаленный хост принудительно разорвал существующее подключение
INFO  2021-03-07 21:42:40 [main] ServerPack.ServerStart (ServerStart.java:9) - Server start
INFO  2021-03-07 21:43:02 [nioEventLoopGroup-3-1] ServerPack.HandlerSerializable (HandlerSerializable.java:39) - Client is authorisation
INFO  2021-03-07 21:43:58 [nioEventLoopGroup-3-1] ServerPack.HandlerSerializable (HandlerSerializable.java:148) - Удаленный хост принудительно разорвал существующее подключение
INFO  2021-03-07 22:14:03 [main] ServerPack.ServerStart (ServerStart.java:9) - Server start
INFO  2021-03-07 22:14:27 [nioEventLoopGroup-3-1] ServerPack.HandlerSerializable (HandlerSerializable.java:41) - Client is authorisation
INFO  2021-03-07 22:15:01 [nioEventLoopGroup-3-1] ServerPack.HandlerSerializable (HandlerSerializable.java:157) - Удаленный хост принудительно разорвал существующее подключение
INFO  2021-03-07 22:15:24 [nioEventLoopGroup-3-2] ServerPack.HandlerSerializable (HandlerSerializable.java:41) - Client is authorisation
INFO  2021-03-07 22:15:53 [nioEventLoopGroup-3-2] ServerPack.HandlerSerializable (HandlerSerializable.java:157) - Удаленный хост принудительно разорвал существующее подключение
INFO  2021-03-07 22:17:15 [nioEventLoopGroup-3-3] ServerPack.HandlerSerializable (HandlerSerializable.java:41) - Client is authorisation
INFO  2021-03-07 22:19:58 [nioEventLoopGroup-3-3] ServerPack.HandlerSerializable (HandlerSerializable.java:157) - Удаленный хост принудительно разорвал существующее подключение
INFO  2021-03-08 00:19:49 [main] ServerPack.ServerStart (ServerStart.java:9) - Server start
INFO  2021-03-08 00:24:06 [nioEventLoopGroup-3-1] ServerPack.HandlerSerializable (HandlerSerializable.java:42) - Client is authorisation
INFO  2021-03-08 00:30:12 [nioEventLoopGroup-3-2] ServerPack.HandlerSerializable (HandlerSerializable.java:66) - Client is registration
INFO  2021-03-08 00:31:21 [nioEventLoopGroup-3-2] ServerPack.HandlerSerializable (HandlerSerializable.java:69) - Client is not registration
INFO  2021-03-08 00:31:57 [nioEventLoopGroup-3-2] ServerPack.HandlerSerializable (HandlerSerializable.java:42) - Client is authorisation
INFO  2021-03-08 00:36:04 [nioEventLoopGroup-3-2] ServerPack.HandlerSerializable (HandlerSerializable.java:182) - Удаленный хост принудительно разорвал существующее подключение
INFO  2021-03-08 00:36:07 [nioEventLoopGroup-3-1] ServerPack.HandlerSerializable (HandlerSerializable.java:182) - Удаленный хост принудительно разорвал существующее подключение
INFO  2021-03-08 00:40:09 [nioEventLoopGroup-3-3] ServerPack.HandlerSerializable (HandlerSerializable.java:42) - Client is authorisation
INFO  2021-03-08 00:40:36 [nioEventLoopGroup-3-4] ServerPack.HandlerSerializable (HandlerSerializable.java:42) - Client is authorisation
INFO  2021-03-08 00:41:11 [nioEventLoopGroup-3-4] ServerPack.HandlerSerializable (HandlerSerializable.java:182) - Удаленный хост принудительно разорвал существующее подключение
INFO  2021-03-08 00:41:13 [nioEventLoopGroup-3-3] ServerPack.HandlerSerializable (HandlerSerializable.java:182) - Удаленный хост принудительно разорвал существующее подключение
INFO  2021-03-08 00:41:58 [main] ServerPack.ServerStart (ServerStart.java:9) - Server start
INFO  2021-03-08 00:42:27 [nioEventLoopGroup-3-1] ServerPack.HandlerSerializable (HandlerSerializable.java:42) - Client is authorisation
INFO  2021-03-08 00:42:54 [nioEventLoopGroup-3-2] ServerPack.HandlerSerializable (HandlerSerializable.java:42) - Client is authorisation
INFO  2021-03-08 00:43:12 [nioEventLoopGroup-3-1] ServerPack.HandlerSerializable (HandlerSerializable.java:184) - Удаленный хост принудительно разорвал существующее подключение
INFO  2021-03-08 00:43:14 [nioEventLoopGroup-3-2] ServerPack.HandlerSerializable (HandlerSerializable.java:184) - Удаленный хост принудительно разорвал существующее подключение
INFO  2021-03-08 00:46:02 [main] ServerPack.ServerStart (ServerStart.java:9) - Server start
INFO  2021-03-08 00:46:34 [nioEventLoopGroup-3-1] ServerPack.HandlerSerializable (HandlerSerializable.java:42) - Client is authorisation
INFO  2021-03-08 00:46:43 [nioEventLoopGroup-3-1] ServerPack.HandlerSerializable (HandlerSerializable.java:184) - Удаленный хост принудительно разорвал существующее подключение
INFO  2021-03-08 00:47:06 [main] ServerPack.ServerStart (ServerStart.java:9) - Server start
INFO  2021-03-08 00:47:31 [nioEventLoopGroup-3-1] ServerPack.HandlerSerializable (HandlerSerializable.java:42) - Client is authorisation
INFO  2021-03-08 00:49:45 [nioEventLoopGroup-3-2] ServerPack.HandlerSerializable (HandlerSerializable.java:42) - Client is authorisation
INFO  2021-03-08 00:56:59 [nioEventLoopGroup-3-1] ServerPack.HandlerSerializable (HandlerSerializable.java:184) - Удаленный хост принудительно разорвал существующее подключение
INFO  2021-03-08 00:56:59 [nioEventLoopGroup-3-2] ServerPack.HandlerSerializable (HandlerSerializable.java:184) - Удаленный хост принудительно разорвал существующее подключение
INFO  2021-03-08 00:56:59 [nioEventLoopGroup-3-3] ServerPack.HandlerSerializable (HandlerSerializable.java:184) - Удаленный хост принудительно разорвал существующее подключение
INFO  2021-03-08 00:56:59 [nioEventLoopGroup-3-4] ServerPack.HandlerSerializable (HandlerSerializable.java:42) - Client is authorisation
INFO  2021-03-08 00:56:59 [nioEventLoopGroup-3-4] ServerPack.HandlerSerializable (HandlerSerializable.java:184) - Удаленный хост принудительно разорвал существующее подключение
INFO  2021-03-08 00:57:10 [main] ServerPack.ServerStart (ServerStart.java:9) - Server start
INFO  2021-03-08 00:57:34 [nioEventLoopGroup-3-1] ServerPack.HandlerSerializable (HandlerSerializable.java:42) - Client is authorisation
INFO  2021-03-08 00:58:05 [nioEventLoopGroup-3-2] ServerPack.HandlerSerializable (HandlerSerializable.java:42) - Client is authorisation
INFO  2021-03-08 01:00:05 [main] ServerPack.ServerStart (ServerStart.java:9) - Server start
INFO  2021-03-08 01:00:30 [nioEventLoopGroup-3-1] ServerPack.HandlerSerializable (HandlerSerializable.java:42) - Client is authorisation
INFO  2021-03-08 01:00:56 [nioEventLoopGroup-3-2] ServerPack.HandlerSerializable (HandlerSerializable.java:42) - Client is authorisation
INFO  2021-03-08 01:01:16 [nioEventLoopGroup-3-2] ServerPack.HandlerSerializable (HandlerSerializable.java:184) - Удаленный хост принудительно разорвал существующее подключение
INFO  2021-03-08 01:01:18 [nioEventLoopGroup-3-1] ServerPack.HandlerSerializable (HandlerSerializable.java:184) - Удаленный хост принудительно разорвал существующее подключение
INFO  2021-03-08 01:01:55 [nioEventLoopGroup-3-3] ServerPack.HandlerSerializable (HandlerSerializable.java:42) - Client is authorisation
INFO  2021-03-08 01:03:15 [nioEventLoopGroup-3-3] ServerPack.HandlerSerializable (HandlerSerializable.java:184) - Удаленный хост принудительно разорвал существующее подключение
INFO  2021-03-08 01:03:41 [main] ServerPack.ServerStart (ServerStart.java:9) - Server start
INFO  2021-03-08 01:04:20 [nioEventLoopGroup-3-1] ServerPack.HandlerSerializable (HandlerSerializable.java:42) - Client is authorisation
INFO  2021-03-08 01:04:51 [nioEventLoopGroup-3-2] ServerPack.HandlerSerializable (HandlerSerializable.java:42) - Client is authorisation
INFO  2021-03-08 01:15:49 [main] ServerPack.ServerStart (ServerStart.java:9) - Server start
INFO  2021-03-08 01:16:10 [nioEventLoopGroup-3-1] ServerPack.HandlerSerializable (HandlerSerializable.java:43) - Client is authorisation
INFO  2021-03-08 01:16:10 [nioEventLoopGroup-3-1] ServerPack.HandlerSerializable (HandlerSerializable.java:185) - ServerPack.HandlerClient cannot be cast to java.lang.Comparable
WARN  2021-03-08 01:16:10 [nioEventLoopGroup-3-1] io.netty.channel.AbstractChannelHandlerContext (AbstractChannelHandlerContext.java:311) - An exception 'java.lang.ClassCastException: ServerPack.HandlerClient cannot be cast to java.lang.Comparable' [enable DEBUG level for full stacktrace] was thrown by a user handler's exceptionCaught() method while handling the following exception:
java.lang.ClassCastException: ServerPack.HandlerClient cannot be cast to java.lang.Comparable
	at java.util.concurrent.ConcurrentSkipListMap.cpr(ConcurrentSkipListMap.java:655) ~[?:1.8.0_282]
	at java.util.concurrent.ConcurrentSkipListMap.doPut(ConcurrentSkipListMap.java:899) ~[?:1.8.0_282]
	at java.util.concurrent.ConcurrentSkipListMap.putIfAbsent(ConcurrentSkipListMap.java:1979) ~[?:1.8.0_282]
	at java.util.concurrent.ConcurrentSkipListSet.add(ConcurrentSkipListSet.java:241) ~[?:1.8.0_282]
	at ServerPack.HandlerSerializable.channelRead0(HandlerSerializable.java:46) ~[classes/:?]
	at ServerPack.HandlerSerializable.channelRead0(HandlerSerializable.java:22) ~[classes/:?]
	at io.netty.channel.SimpleChannelInboundHandler.channelRead(SimpleChannelInboundHandler.java:99) ~[netty-all-4.1.56.Final.jar:4.1.56.Final]
	at io.netty.channel.AbstractChannelHandlerContext.invokeChannelRead(AbstractChannelHandlerContext.java:379) [netty-all-4.1.56.Final.jar:4.1.56.Final]
	at io.netty.channel.AbstractChannelHandlerContext.invokeChannelRead(AbstractChannelHandlerContext.java:365) [netty-all-4.1.56.Final.jar:4.1.56.Final]
	at io.netty.channel.AbstractChannelHandlerContext.fireChannelRead(AbstractChannelHandlerContext.java:357) [netty-all-4.1.56.Final.jar:4.1.56.Final]
	at io.netty.handler.codec.ByteToMessageDecoder.fireChannelRead(ByteToMessageDecoder.java:324) [netty-all-4.1.56.Final.jar:4.1.56.Final]
	at io.netty.handler.codec.ByteToMessageDecoder.channelRead(ByteToMessageDecoder.java:296) [netty-all-4.1.56.Final.jar:4.1.56.Final]
	at io.netty.channel.AbstractChannelHandlerContext.invokeChannelRead(AbstractChannelHandlerContext.java:379) [netty-all-4.1.56.Final.jar:4.1.56.Final]
	at io.netty.channel.AbstractChannelHandlerContext.invokeChannelRead(AbstractChannelHandlerContext.java:365) [netty-all-4.1.56.Final.jar:4.1.56.Final]
	at io.netty.channel.AbstractChannelHandlerContext.fireChannelRead(AbstractChannelHandlerContext.java:357) [netty-all-4.1.56.Final.jar:4.1.56.Final]
	at io.netty.channel.DefaultChannelPipeline$HeadContext.channelRead(DefaultChannelPipeline.java:1410) [netty-all-4.1.56.Final.jar:4.1.56.Final]
	at io.netty.channel.AbstractChannelHandlerContext.invokeChannelRead(AbstractChannelHandlerContext.java:379) [netty-all-4.1.56.Final.jar:4.1.56.Final]
	at io.netty.channel.AbstractChannelHandlerContext.invokeChannelRead(AbstractChannelHandlerContext.java:365) [netty-all-4.1.56.Final.jar:4.1.56.Final]
	at io.netty.channel.DefaultChannelPipeline.fireChannelRead(DefaultChannelPipeline.java:919) [netty-all-4.1.56.Final.jar:4.1.56.Final]
	at io.netty.channel.nio.AbstractNioByteChannel$NioByteUnsafe.read(AbstractNioByteChannel.java:166) [netty-all-4.1.56.Final.jar:4.1.56.Final]
	at io.netty.channel.nio.NioEventLoop.processSelectedKey(NioEventLoop.java:719) [netty-all-4.1.56.Final.jar:4.1.56.Final]
	at io.netty.channel.nio.NioEventLoop.processSelectedKeysOptimized(NioEventLoop.java:655) [netty-all-4.1.56.Final.jar:4.1.56.Final]
	at io.netty.channel.nio.NioEventLoop.processSelectedKeys(NioEventLoop.java:581) [netty-all-4.1.56.Final.jar:4.1.56.Final]
	at io.netty.channel.nio.NioEventLoop.run(NioEventLoop.java:493) [netty-all-4.1.56.Final.jar:4.1.56.Final]
	at io.netty.util.concurrent.SingleThreadEventExecutor$4.run(SingleThreadEventExecutor.java:989) [netty-all-4.1.56.Final.jar:4.1.56.Final]
	at io.netty.util.internal.ThreadExecutorMap$2.run(ThreadExecutorMap.java:74) [netty-all-4.1.56.Final.jar:4.1.56.Final]
	at io.netty.util.concurrent.FastThreadLocalRunnable.run(FastThreadLocalRunnable.java:30) [netty-all-4.1.56.Final.jar:4.1.56.Final]
	at java.lang.Thread.run(Thread.java:748) [?:1.8.0_282]
INFO  2021-03-08 01:17:59 [main] ServerPack.ServerStart (ServerStart.java:9) - Server start
INFO  2021-03-08 01:18:26 [nioEventLoopGroup-3-1] ServerPack.HandlerSerializable (HandlerSerializable.java:44) - Client is authorisation
INFO  2021-03-08 01:18:53 [nioEventLoopGroup-3-2] ServerPack.HandlerSerializable (HandlerSerializable.java:44) - Client is authorisation
INFO  2021-03-09 00:31:05 [main] ServerPack.ServerStart (ServerStart.java:9) - Server start
INFO  2021-03-09 00:31:29 [nioEventLoopGroup-3-1] ServerPack.HandlerSerializable (HandlerSerializable.java:44) - Client is authorisation
INFO  2021-03-09 00:31:51 [nioEventLoopGroup-3-2] ServerPack.HandlerSerializable (HandlerSerializable.java:44) - Client is authorisation
INFO  2021-03-09 00:33:14 [nioEventLoopGroup-3-2] ServerPack.HandlerSerializable (HandlerSerializable.java:186) - Удаленный хост принудительно разорвал существующее подключение
INFO  2021-03-09 00:33:16 [nioEventLoopGroup-3-1] ServerPack.HandlerSerializable (HandlerSerializable.java:186) - Удаленный хост принудительно разорвал существующее подключение
INFO  2021-03-09 00:45:11 [main] ServerPack.ServerStart (ServerStart.java:9) - Server start
INFO  2021-03-09 00:45:42 [nioEventLoopGroup-3-1] ServerPack.HandlerSerializable (HandlerSerializable.java:44) - Client is authorisation
INFO  2021-03-09 00:46:04 [nioEventLoopGroup-3-2] ServerPack.HandlerSerializable (HandlerSerializable.java:44) - Client is authorisation
INFO  2021-03-09 00:47:37 [nioEventLoopGroup-3-1] ServerPack.HandlerSerializable (HandlerSerializable.java:186) - Удаленный хост принудительно разорвал существующее подключение
INFO  2021-03-09 00:47:39 [nioEventLoopGroup-3-2] ServerPack.HandlerSerializable (HandlerSerializable.java:186) - Удаленный хост принудительно разорвал существующее подключение
INFO  2021-03-09 01:03:10 [nioEventLoopGroup-3-3] ServerPack.HandlerSerializable (HandlerSerializable.java:44) - Client is authorisation
INFO  2021-03-09 01:03:34 [nioEventLoopGroup-3-4] ServerPack.HandlerSerializable (HandlerSerializable.java:44) - Client is authorisation
INFO  2021-03-09 01:04:44 [nioEventLoopGroup-3-4] ServerPack.HandlerSerializable (HandlerSerializable.java:186) - Удаленный хост принудительно разорвал существующее подключение
INFO  2021-03-09 01:04:46 [nioEventLoopGroup-3-3] ServerPack.HandlerSerializable (HandlerSerializable.java:186) - Удаленный хост принудительно разорвал существующее подключение
INFO  2021-03-09 01:07:13 [nioEventLoopGroup-3-5] ServerPack.HandlerSerializable (HandlerSerializable.java:44) - Client is authorisation
INFO  2021-03-09 01:07:54 [nioEventLoopGroup-3-5] ServerPack.HandlerSerializable (HandlerSerializable.java:186) - Удаленный хост принудительно разорвал существующее подключение
INFO  2021-03-09 01:10:02 [nioEventLoopGroup-3-6] ServerPack.HandlerSerializable (HandlerSerializable.java:44) - Client is authorisation
INFO  2021-03-09 01:11:08 [nioEventLoopGroup-3-6] ServerPack.HandlerSerializable (HandlerSerializable.java:186) - Удаленный хост принудительно разорвал существующее подключение
INFO  2021-03-09 01:16:30 [nioEventLoopGroup-3-7] ServerPack.HandlerSerializable (HandlerSerializable.java:44) - Client is authorisation
INFO  2021-03-09 01:17:35 [nioEventLoopGroup-3-7] ServerPack.HandlerSerializable (HandlerSerializable.java:186) - Удаленный хост принудительно разорвал существующее подключение
INFO  2021-03-09 01:24:47 [main] ServerPack.ServerStart (ServerStart.java:9) - Server start
INFO  2021-03-09 01:25:27 [nioEventLoopGroup-3-1] ServerPack.HandlerSerializable (HandlerSerializable.java:44) - Client is authorisation
INFO  2021-03-09 01:25:50 [nioEventLoopGroup-3-2] ServerPack.HandlerSerializable (HandlerSerializable.java:44) - Client is authorisation
INFO  2021-03-09 01:28:17 [nioEventLoopGroup-3-1] ServerPack.HandlerSerializable (HandlerSerializable.java:186) - Удаленный хост принудительно разорвал существующее подключение
INFO  2021-03-09 01:28:21 [nioEventLoopGroup-3-2] ServerPack.HandlerSerializable (HandlerSerializable.java:186) - Удаленный хост принудительно разорвал существующее подключение
INFO  2021-03-09 01:33:24 [main] ServerPack.ServerStart (ServerStart.java:9) - Server start
INFO  2021-03-09 01:34:14 [nioEventLoopGroup-3-1] ServerPack.HandlerSerializable (HandlerSerializable.java:44) - Client is authorisation
INFO  2021-03-09 01:34:19 [nioEventLoopGroup-3-2] ServerPack.HandlerSerializable (HandlerSerializable.java:44) - Client is authorisation
INFO  2021-03-09 01:36:09 [main] ServerPack.ServerStart (ServerStart.java:9) - Server start
INFO  2021-03-09 01:36:45 [nioEventLoopGroup-3-1] ServerPack.HandlerSerializable (HandlerSerializable.java:44) - Client is authorisation
INFO  2021-03-09 01:37:28 [nioEventLoopGroup-3-2] ServerPack.HandlerSerializable (HandlerSerializable.java:44) - Client is authorisation
INFO  2021-03-09 01:41:19 [nioEventLoopGroup-3-2] ServerPack.HandlerSerializable (HandlerSerializable.java:187) - Удаленный хост принудительно разорвал существующее подключение
INFO  2021-03-09 01:47:27 [main] ServerPack.ServerStart (ServerStart.java:9) - Server start
INFO  2021-03-09 01:47:57 [nioEventLoopGroup-3-1] ServerPack.HandlerSerializable (HandlerSerializable.java:44) - Client is authorisation
INFO  2021-03-09 01:50:41 [main] ServerPack.ServerStart (ServerStart.java:9) - Server start
INFO  2021-03-09 01:51:11 [nioEventLoopGroup-3-1] ServerPack.HandlerSerializable (HandlerSerializable.java:44) - Client is authorisation
INFO  2021-03-09 01:51:27 [nioEventLoopGroup-3-2] ServerPack.HandlerSerializable (HandlerSerializable.java:44) - Client is authorisation
INFO  2021-03-09 02:05:09 [main] ServerPack.ServerStart (ServerStart.java:9) - Server start
INFO  2021-03-09 02:05:39 [nioEventLoopGroup-3-1] ServerPack.HandlerSerializable (HandlerSerializable.java:44) - Client is authorisation
INFO  2021-03-09 02:05:51 [nioEventLoopGroup-3-2] ServerPack.HandlerSerializable (HandlerSerializable.java:44) - Client is authorisation
INFO  2021-03-09 02:45:56 [main] ServerPack.ServerStart (ServerStart.java:9) - Server start
INFO  2021-03-09 02:46:20 [nioEventLoopGroup-3-1] ServerPack.HandlerSerializable (HandlerSerializable.java:41) - Client is authorisation
INFO  2021-03-09 02:46:38 [nioEventLoopGroup-3-2] ServerPack.HandlerSerializable (HandlerSerializable.java:41) - Client is authorisation
INFO  2021-03-09 02:48:40 [nioEventLoopGroup-3-1] ServerPack.HandlerSerializable (HandlerSerializable.java:184) - Удаленный хост принудительно разорвал существующее подключение
INFO  2021-03-09 02:48:42 [nioEventLoopGroup-3-2] ServerPack.HandlerSerializable (HandlerSerializable.java:184) - Удаленный хост принудительно разорвал существующее подключение
INFO  2021-03-09 12:17:56 [main] ServerPack.ServerStart (ServerStart.java:9) - Server start
INFO  2021-03-09 12:18:19 [nioEventLoopGroup-3-1] ServerPack.HandlerSerializable (HandlerSerializable.java:41) - Client is authorisation
INFO  2021-03-09 12:20:21 [nioEventLoopGroup-3-1] ServerPack.HandlerSerializable (HandlerSerializable.java:185) - Удаленный хост принудительно разорвал существующее подключение
INFO  2021-03-09 12:20:45 [nioEventLoopGroup-3-2] ServerPack.HandlerSerializable (HandlerSerializable.java:41) - Client is authorisation
INFO  2021-03-09 12:21:20 [nioEventLoopGroup-3-3] ServerPack.HandlerSerializable (HandlerSerializable.java:41) - Client is authorisation
INFO  2021-03-09 12:23:01 [main] ServerPack.ServerStart (ServerStart.java:9) - Server start
INFO  2021-03-09 12:23:25 [nioEventLoopGroup-3-1] ServerPack.HandlerSerializable (HandlerSerializable.java:41) - Client is authorisation
INFO  2021-03-09 12:35:32 [main] ServerPack.ServerStart (ServerStart.java:9) - Server start
INFO  2021-03-09 12:36:01 [nioEventLoopGroup-3-1] ServerPack.HandlerSerializable (HandlerSerializable.java:41) - Client is authorisation
INFO  2021-03-09 12:37:03 [main] ServerPack.ServerStart (ServerStart.java:9) - Server start
INFO  2021-03-09 12:37:33 [nioEventLoopGroup-3-1] ServerPack.HandlerSerializable (HandlerSerializable.java:41) - Client is authorisation
INFO  2021-03-09 12:39:01 [nioEventLoopGroup-3-1] ServerPack.HandlerSerializable (HandlerSerializable.java:201) - Удаленный хост принудительно разорвал существующее подключение
INFO  2021-03-09 12:39:39 [main] ServerPack.ServerStart (ServerStart.java:9) - Server start
INFO  2021-03-09 12:40:07 [nioEventLoopGroup-3-1] ServerPack.HandlerSerializable (HandlerSerializable.java:41) - Client is authorisation
INFO  2021-03-09 12:47:09 [nioEventLoopGroup-3-1] ServerPack.HandlerSerializable (HandlerSerializable.java:201) - Удаленный хост принудительно разорвал существующее подключение
INFO  2021-03-09 12:47:23 [main] ServerPack.ServerStart (ServerStart.java:9) - Server start
INFO  2021-03-09 12:47:46 [nioEventLoopGroup-3-1] ServerPack.HandlerSerializable (HandlerSerializable.java:41) - Client is authorisation
INFO  2021-03-09 12:48:05 [nioEventLoopGroup-3-2] ServerPack.HandlerSerializable (HandlerSerializable.java:41) - Client is authorisation
INFO  2021-03-09 21:51:59 [main] ServerPack.ServerStart (ServerStart.java:9) - Server start
INFO  2021-03-09 21:52:29 [nioEventLoopGroup-3-1] ServerPack.HandlerSerializable (HandlerSerializable.java:41) - Client is authorisation
INFO  2021-03-09 21:52:59 [nioEventLoopGroup-3-2] ServerPack.HandlerSerializable (HandlerSerializable.java:41) - Client is authorisation
INFO  2021-03-09 21:58:10 [main] ServerPack.ServerStart (ServerStart.java:9) - Server start
INFO  2021-03-09 21:58:34 [nioEventLoopGroup-3-1] ServerPack.HandlerSerializable (HandlerSerializable.java:41) - Client is authorisation
INFO  2021-03-09 21:58:56 [nioEventLoopGroup-3-2] ServerPack.HandlerSerializable (HandlerSerializable.java:41) - Client is authorisation
INFO  2021-03-09 22:01:12 [nioEventLoopGroup-3-2] ServerPack.HandlerSerializable (HandlerSerializable.java:219) - Удаленный хост принудительно разорвал существующее подключение
INFO  2021-03-09 22:01:12 [nioEventLoopGroup-3-1] ServerPack.HandlerSerializable (HandlerSerializable.java:219) - Удаленный хост принудительно разорвал существующее подключение
INFO  2021-03-09 22:01:19 [main] ServerPack.ServerStart (ServerStart.java:9) - Server start
INFO  2021-03-09 22:01:42 [nioEventLoopGroup-3-1] ServerPack.HandlerSerializable (HandlerSerializable.java:41) - Client is authorisation
INFO  2021-03-09 22:02:03 [nioEventLoopGroup-3-2] ServerPack.HandlerSerializable (HandlerSerializable.java:41) - Client is authorisation
INFO  2021-03-09 22:02:56 [nioEventLoopGroup-3-1] ServerPack.HandlerSerializable (HandlerSerializable.java:219) - Удаленный хост принудительно разорвал существующее подключение
INFO  2021-03-09 22:04:41 [nioEventLoopGroup-3-2] ServerPack.HandlerSerializable (HandlerSerializable.java:219) - Удаленный хост принудительно разорвал существующее подключение
INFO  2021-03-09 22:04:53 [main] ServerPack.ServerStart (ServerStart.java:9) - Server start
INFO  2021-03-09 22:05:55 [nioEventLoopGroup-3-1] ServerPack.HandlerSerializable (HandlerSerializable.java:53) - Client is not authorisation
INFO  2021-03-09 22:06:13 [nioEventLoopGroup-3-1] ServerPack.HandlerSerializable (HandlerSerializable.java:41) - Client is authorisation
INFO  2021-03-09 22:06:27 [nioEventLoopGroup-3-2] ServerPack.HandlerSerializable (HandlerSerializable.java:41) - Client is authorisation
INFO  2021-03-09 22:16:01 [nioEventLoopGroup-3-2] ServerPack.HandlerSerializable (HandlerSerializable.java:219) - Удаленный хост принудительно разорвал существующее подключение
INFO  2021-03-09 22:16:01 [nioEventLoopGroup-3-1] ServerPack.HandlerSerializable (HandlerSerializable.java:219) - Удаленный хост принудительно разорвал существующее подключение
INFO  2021-03-09 22:25:23 [main] ServerPack.ServerStart (ServerStart.java:9) - Server start
INFO  2021-03-09 22:25:49 [nioEventLoopGroup-3-1] ServerPack.HandlerSerializable (HandlerSerializable.java:41) - Client is authorisation
INFO  2021-03-09 22:26:06 [nioEventLoopGroup-3-2] ServerPack.HandlerSerializable (HandlerSerializable.java:41) - Client is authorisation
INFO  2021-03-09 22:35:55 [main] ServerPack.ServerStart (ServerStart.java:9) - Server start
INFO  2021-03-09 22:36:17 [nioEventLoopGroup-3-1] ServerPack.HandlerSerializable (HandlerSerializable.java:41) - Client is authorisation
INFO  2021-03-09 22:39:38 [nioEventLoopGroup-3-1] ServerPack.HandlerSerializable (HandlerSerializable.java:227) - Удаленный хост принудительно разорвал существующее подключение
INFO  2021-03-09 22:42:30 [main] ServerPack.ServerStart (ServerStart.java:9) - Server start
INFO  2021-03-09 22:42:55 [nioEventLoopGroup-3-1] ServerPack.HandlerSerializable (HandlerSerializable.java:41) - Client is authorisation
INFO  2021-03-09 22:45:35 [nioEventLoopGroup-3-1] ServerPack.HandlerSerializable (HandlerSerializable.java:227) - Удаленный хост принудительно разорвал существующее подключение
INFO  2021-03-09 22:45:48 [main] ServerPack.ServerStart (ServerStart.java:9) - Server start
INFO  2021-03-09 22:46:09 [nioEventLoopGroup-3-1] ServerPack.HandlerSerializable (HandlerSerializable.java:41) - Client is authorisation
INFO  2021-03-09 22:48:35 [nioEventLoopGroup-3-1] ServerPack.HandlerSerializable (HandlerSerializable.java:227) - Удаленный хост принудительно разорвал существующее подключение
INFO  2021-03-09 22:48:56 [nioEventLoopGroup-3-2] ServerPack.HandlerSerializable (HandlerSerializable.java:41) - Client is authorisation
INFO  2021-03-09 22:50:09 [nioEventLoopGroup-3-2] ServerPack.HandlerSerializable (HandlerSerializable.java:121) - get file is Game.log
INFO  2021-03-09 22:53:23 [main] ServerPack.ServerStart (ServerStart.java:9) - Server start
INFO  2021-03-09 22:53:49 [nioEventLoopGroup-3-1] ServerPack.HandlerSerializable (HandlerSerializable.java:41) - Client is authorisation
INFO  2021-03-09 22:54:12 [nioEventLoopGroup-3-1] ServerPack.HandlerSerializable (HandlerSerializable.java:227) - C:\Users\tatia\OneDrive\Рабочий стол\java project\SaveFiles\ServerSaveFiles\ServerClientDirectory\newFileServerSaveFiles\ServerClientDirectory\newFile\images\unins000.dat (Системе не удается найти указанный путь)
INFO  2021-03-09 22:55:36 [main] ServerPack.ServerStart (ServerStart.java:9) - Server start
INFO  2021-03-09 22:56:23 [nioEventLoopGroup-3-1] ServerPack.HandlerSerializable (HandlerSerializable.java:41) - Client is authorisation
INFO  2021-03-09 22:56:47 [nioEventLoopGroup-3-1] ServerPack.HandlerSerializable (HandlerSerializable.java:121) - get file is bass_alac.dll
INFO  2021-03-09 22:57:12 [nioEventLoopGroup-3-1] ServerPack.HandlerSerializable (HandlerSerializable.java:227) - C:\Users\tatia\OneDrive\Рабочий стол\java project\SaveFiles\ServerSaveFiles\ServerClientDirectory\newFileServerSaveFiles\ServerClientDirectory\newFile\images\bass_tta.dll (Системе не удается найти указанный путь)
INFO  2021-03-09 22:59:14 [main] ServerPack.ServerStart (ServerStart.java:9) - Server start
INFO  2021-03-09 22:59:34 [nioEventLoopGroup-3-1] ServerPack.HandlerSerializable (HandlerSerializable.java:41) - Client is authorisation
INFO  2021-03-09 22:59:55 [nioEventLoopGroup-3-1] ServerPack.HandlerSerializable (HandlerSerializable.java:227) - C:\Users\tatia\OneDrive\Рабочий стол\java project\SaveFiles\ServerSaveFiles\ServerClientDirectory\newFileServerSaveFiles\ServerClientDirectory\newFile\imagesLinuxUbuntu.vbox (Системе не удается найти указанный путь)
INFO  2021-03-09 23:05:35 [main] ServerPack.ServerStart (ServerStart.java:9) - Server start
INFO  2021-03-09 23:05:59 [nioEventLoopGroup-3-1] ServerPack.HandlerSerializable (HandlerSerializable.java:41) - Client is authorisation
INFO  2021-03-09 23:09:07 [nioEventLoopGroup-3-1] ServerPack.HandlerSerializable (HandlerSerializable.java:227) - C:\Users\tatia\OneDrive\Рабочий стол\java project\SaveFiles\ServerSaveFiles\ServerClientDirectory\newFileServerSaveFiles\ServerClientDirectory\newFile\imagesGame.log (Системе не удается найти указанный путь)
INFO  2021-03-09 23:09:12 [nioEventLoopGroup-3-1] ServerPack.HandlerSerializable (HandlerSerializable.java:227) - Удаленный хост принудительно разорвал существующее подключение
INFO  2021-03-09 23:09:25 [main] ServerPack.ServerStart (ServerStart.java:9) - Server start
INFO  2021-03-09 23:09:50 [nioEventLoopGroup-3-1] ServerPack.HandlerSerializable (HandlerSerializable.java:41) - Client is authorisation
INFO  2021-03-09 23:12:27 [nioEventLoopGroup-3-1] ServerPack.HandlerSerializable (HandlerSerializable.java:227) - C:\Users\tatia\OneDrive\Рабочий стол\java project\SaveFiles\ServerSaveFiles\ServerClientDirectory\newFileServerSaveFiles\ServerClientDirectory\newFile\images\ОПИСАНИЕ.TXT (Системе не удается найти указанный путь)
INFO  2021-03-09 23:12:27 [nioEventLoopGroup-3-1] ServerPack.HandlerSerializable (HandlerSerializable.java:227) - Удаленный хост принудительно разорвал существующее подключение
INFO  2021-03-09 23:12:42 [main] ServerPack.ServerStart (ServerStart.java:9) - Server start
INFO  2021-03-09 23:13:06 [nioEventLoopGroup-3-1] ServerPack.HandlerSerializable (HandlerSerializable.java:41) - Client is authorisation
INFO  2021-03-09 23:17:18 [nioEventLoopGroup-3-1] ServerPack.HandlerSerializable (HandlerSerializable.java:121) - get file is ОПИСАНИЕ.TXT
INFO  2021-03-09 23:17:18 [nioEventLoopGroup-3-1] ServerPack.HandlerSerializable (HandlerSerializable.java:227) - Удаленный хост принудительно разорвал существующее подключение
INFO  2021-03-09 23:18:16 [main] ServerPack.ServerStart (ServerStart.java:9) - Server start
INFO  2021-03-09 23:18:43 [nioEventLoopGroup-3-1] ServerPack.HandlerSerializable (HandlerSerializable.java:41) - Client is authorisation
INFO  2021-03-09 23:19:04 [nioEventLoopGroup-3-1] ServerPack.HandlerSerializable (HandlerSerializable.java:121) - get file is ОПИСАНИЕ.TXT
INFO  2021-03-09 23:19:54 [nioEventLoopGroup-3-1] ServerPack.HandlerSerializable (HandlerSerializable.java:142) - ОПИСАНИЕ.TXT is send to client
INFO  2021-03-09 23:35:03 [main] ServerPack.ServerStart (ServerStart.java:9) - Server start
INFO  2021-03-09 23:35:38 [nioEventLoopGroup-3-1] ServerPack.HandlerSerializable (HandlerSerializable.java:41) - Client is authorisation
INFO  2021-03-09 23:35:55 [nioEventLoopGroup-3-2] ServerPack.HandlerSerializable (HandlerSerializable.java:41) - Client is authorisation
INFO  2021-03-09 23:36:46 [nioEventLoopGroup-3-2] ServerPack.HandlerSerializable (HandlerSerializable.java:232) - Удаленный хост принудительно разорвал существующее подключение
INFO  2021-03-09 23:36:48 [nioEventLoopGroup-3-1] ServerPack.HandlerSerializable (HandlerSerializable.java:232) - Удаленный хост принудительно разорвал существующее подключение
INFO  2021-03-09 23:38:24 [main] ServerPack.ServerStart (ServerStart.java:9) - Server start
INFO  2021-03-09 23:38:43 [nioEventLoopGroup-3-1] ServerPack.HandlerSerializable (HandlerSerializable.java:41) - Client is authorisation
INFO  2021-03-09 23:39:07 [nioEventLoopGroup-3-2] ServerPack.HandlerSerializable (HandlerSerializable.java:41) - Client is authorisation
INFO  2021-03-09 23:40:16 [nioEventLoopGroup-3-1] ServerPack.HandlerSerializable (HandlerSerializable.java:232) - Удаленный хост принудительно разорвал существующее подключение
INFO  2021-03-09 23:40:18 [nioEventLoopGroup-3-2] ServerPack.HandlerSerializable (HandlerSerializable.java:232) - Удаленный хост принудительно разорвал существующее подключение
INFO  2021-03-09 23:41:37 [main] ServerPack.ServerStart (ServerStart.java:9) - Server start
INFO  2021-03-09 23:41:59 [nioEventLoopGroup-3-1] ServerPack.HandlerSerializable (HandlerSerializable.java:41) - Client is authorisation
INFO  2021-03-09 23:42:19 [nioEventLoopGroup-3-2] ServerPack.HandlerSerializable (HandlerSerializable.java:41) - Client is authorisation
INFO  2021-03-09 23:42:58 [nioEventLoopGroup-3-1] ServerPack.HandlerSerializable (HandlerSerializable.java:232) - Удаленный хост принудительно разорвал существующее подключение
INFO  2021-03-09 23:44:36 [nioEventLoopGroup-3-2] ServerPack.HandlerSerializable (HandlerSerializable.java:232) - null
INFO  2021-03-09 23:44:40 [nioEventLoopGroup-3-2] ServerPack.HandlerSerializable (HandlerSerializable.java:232) - null
INFO  2021-03-09 23:44:46 [nioEventLoopGroup-3-2] ServerPack.HandlerSerializable (HandlerSerializable.java:232) - null
INFO  2021-03-09 23:44:51 [nioEventLoopGroup-3-2] ServerPack.HandlerSerializable (HandlerSerializable.java:232) - Удаленный хост принудительно разорвал существующее подключение
INFO  2021-03-09 23:45:25 [main] ServerPack.ServerStart (ServerStart.java:9) - Server start
INFO  2021-03-09 23:45:49 [nioEventLoopGroup-3-1] ServerPack.HandlerSerializable (HandlerSerializable.java:41) - Client is authorisation
INFO  2021-03-09 23:46:09 [nioEventLoopGroup-3-2] ServerPack.HandlerSerializable (HandlerSerializable.java:53) - Client is not authorisation
INFO  2021-03-09 23:46:21 [nioEventLoopGroup-3-2] ServerPack.HandlerSerializable (HandlerSerializable.java:41) - Client is authorisation
INFO  2021-03-09 23:59:10 [main] ServerPack.ServerStart (ServerStart.java:9) - Server start
INFO  2021-03-09 23:59:36 [nioEventLoopGroup-3-1] ServerPack.HandlerSerializable (HandlerSerializable.java:41) - Client is authorisation
INFO  2021-03-10 00:00:47 [nioEventLoopGroup-3-2] ServerPack.HandlerSerializable (HandlerSerializable.java:41) - Client is authorisation
INFO  2021-03-10 00:01:31 [nioEventLoopGroup-3-1] ServerPack.HandlerSerializable (HandlerSerializable.java:234) - Удаленный хост принудительно разорвал существующее подключение
INFO  2021-03-10 00:01:33 [nioEventLoopGroup-3-2] ServerPack.HandlerSerializable (HandlerSerializable.java:234) - Удаленный хост принудительно разорвал существующее подключение
INFO  2021-03-10 00:10:30 [main] ServerPack.ServerStart (ServerStart.java:9) - Server start
INFO  2021-03-10 00:11:07 [nioEventLoopGroup-3-1] ServerPack.HandlerSerializable (HandlerSerializable.java:41) - Client is authorisation
INFO  2021-03-10 00:11:55 [nioEventLoopGroup-3-2] ServerPack.HandlerSerializable (HandlerSerializable.java:53) - Client is not authorisation
INFO  2021-03-10 00:12:07 [nioEventLoopGroup-3-2] ServerPack.HandlerSerializable (HandlerSerializable.java:41) - Client is authorisation
INFO  2021-03-10 00:12:49 [nioEventLoopGroup-3-1] ServerPack.HandlerSerializable (HandlerSerializable.java:234) - Удаленный хост принудительно разорвал существующее подключение
INFO  2021-03-10 00:12:51 [nioEventLoopGroup-3-2] ServerPack.HandlerSerializable (HandlerSerializable.java:234) - Удаленный хост принудительно разорвал существующее подключение
INFO  2021-03-10 00:13:18 [main] ServerPack.ServerStart (ServerStart.java:9) - Server start
INFO  2021-03-10 00:13:33 [nioEventLoopGroup-3-1] ServerPack.HandlerSerializable (HandlerSerializable.java:41) - Client is authorisation
INFO  2021-03-10 00:19:58 [nioEventLoopGroup-3-1] ServerPack.HandlerSerializable (HandlerSerializable.java:234) - Удаленный хост принудительно разорвал существующее подключение
INFO  2021-03-10 00:20:21 [main] ServerPack.ServerStart (ServerStart.java:9) - Server start
INFO  2021-03-10 00:20:41 [nioEventLoopGroup-3-1] ServerPack.HandlerSerializable (HandlerSerializable.java:41) - Client is authorisation
INFO  2021-03-10 00:24:27 [main] ServerPack.ServerStart (ServerStart.java:9) - Server start
INFO  2021-03-10 00:25:10 [nioEventLoopGroup-3-1] ServerPack.HandlerSerializable (HandlerSerializable.java:41) - Client is authorisation
INFO  2021-03-10 00:29:51 [nioEventLoopGroup-3-1] ServerPack.HandlerSerializable (HandlerSerializable.java:234) - Удаленный хост принудительно разорвал существующее подключение
INFO  2021-03-10 00:30:46 [main] ServerPack.ServerStart (ServerStart.java:9) - Server start
INFO  2021-03-10 00:31:05 [nioEventLoopGroup-3-1] ServerPack.HandlerSerializable (HandlerSerializable.java:41) - Client is authorisation
INFO  2021-03-10 00:31:25 [nioEventLoopGroup-3-1] ServerPack.HandlerSerializable (HandlerSerializable.java:234) - Удаленный хост принудительно разорвал существующее подключение
INFO  2021-03-10 00:38:25 [main] ServerPack.ServerStart (ServerStart.java:9) - Server start
INFO  2021-03-10 00:38:50 [nioEventLoopGroup-3-1] ServerPack.HandlerSerializable (HandlerSerializable.java:41) - Client is authorisation
INFO  2021-03-10 00:39:18 [nioEventLoopGroup-3-1] ServerPack.HandlerSerializable (HandlerSerializable.java:234) - Удаленный хост принудительно разорвал существующее подключение
INFO  2021-03-10 00:40:33 [main] ServerPack.ServerStart (ServerStart.java:9) - Server start
INFO  2021-03-10 00:40:56 [nioEventLoopGroup-3-1] ServerPack.HandlerSerializable (HandlerSerializable.java:41) - Client is authorisation
INFO  2021-03-10 00:41:21 [nioEventLoopGroup-3-1] ServerPack.HandlerSerializable (HandlerSerializable.java:231) - Удаленный хост принудительно разорвал существующее подключение
INFO  2021-03-10 00:42:04 [main] ServerPack.ServerStart (ServerStart.java:9) - Server start
INFO  2021-03-10 00:42:25 [nioEventLoopGroup-3-1] ServerPack.HandlerSerializable (HandlerSerializable.java:41) - Client is authorisation
INFO  2021-03-10 00:42:56 [nioEventLoopGroup-3-1] ServerPack.HandlerSerializable (HandlerSerializable.java:231) - Удаленный хост принудительно разорвал существующее подключение
INFO  2021-03-10 00:49:58 [main] ServerPack.ServerStart (ServerStart.java:9) - Server start
INFO  2021-03-10 00:50:20 [nioEventLoopGroup-3-1] ServerPack.HandlerSerializable (HandlerSerializable.java:41) - Client is authorisation
INFO  2021-03-10 00:54:23 [nioEventLoopGroup-3-2] ServerPack.HandlerSerializable (HandlerSerializable.java:41) - Client is authorisation
INFO  2021-03-10 12:11:14 [main] ServerPack.ServerStart (ServerStart.java:9) - Server start
INFO  2021-03-10 12:11:54 [nioEventLoopGroup-3-1] ServerPack.HandlerSerializable (HandlerSerializable.java:41) - Client is authorisation
INFO  2021-03-10 12:12:45 [nioEventLoopGroup-3-1] ServerPack.HandlerSerializable (HandlerSerializable.java:212) - Удаленный хост принудительно разорвал существующее подключение
INFO  2021-03-10 12:13:25 [nioEventLoopGroup-3-2] ServerPack.HandlerSerializable (HandlerSerializable.java:41) - Client is authorisation
INFO  2021-03-10 12:14:05 [nioEventLoopGroup-3-2] ServerPack.HandlerSerializable (HandlerSerializable.java:212) - Удаленный хост принудительно разорвал существующее подключение
INFO  2021-03-10 12:14:37 [nioEventLoopGroup-3-3] ServerPack.HandlerSerializable (HandlerSerializable.java:41) - Client is authorisation
INFO  2021-03-10 12:14:54 [nioEventLoopGroup-3-3] ServerPack.HandlerSerializable (HandlerSerializable.java:212) - Удаленный хост принудительно разорвал существующее подключение
INFO  2021-03-10 12:15:39 [nioEventLoopGroup-3-4] ServerPack.HandlerSerializable (HandlerSerializable.java:41) - Client is authorisation
INFO  2021-03-10 12:15:57 [nioEventLoopGroup-3-4] ServerPack.HandlerSerializable (HandlerSerializable.java:212) - Удаленный хост принудительно разорвал существующее подключение
INFO  2021-03-10 12:26:50 [main] ServerPack.ServerStart (ServerStart.java:9) - Server start
INFO  2021-03-10 12:34:06 [main] ServerPack.ServerStart (ServerStart.java:9) - Server start
INFO  2021-03-10 12:34:42 [nioEventLoopGroup-3-1] ServerPack.HandlerSerializable (HandlerSerializable.java:41) - Client is authorisation
INFO  2021-03-10 12:35:55 [nioEventLoopGroup-3-1] ServerPack.HandlerSerializable (HandlerSerializable.java:141) - bass_alac.dll is send to client
INFO  2021-03-10 12:36:21 [nioEventLoopGroup-3-1] ServerPack.HandlerSerializable (HandlerSerializable.java:121) - get file is ОПИСАНИЕ.TXT
INFO  2021-03-10 12:36:30 [nioEventLoopGroup-3-1] ServerPack.HandlerSerializable (HandlerSerializable.java:112) - file ServerSaveFiles\ServerClientDirectory\newFile\music\ОПИСАНИЕ.TXT is delete
INFO  2021-03-10 12:39:52 [nioEventLoopGroup-3-1] ServerPack.HandlerSerializable (HandlerSerializable.java:212) - Удаленный хост принудительно разорвал существующее подключение
INFO  2021-03-10 12:40:16 [nioEventLoopGroup-3-2] ServerPack.HandlerSerializable (HandlerSerializable.java:41) - Client is authorisation
INFO  2021-03-10 13:01:40 [main] ServerPack.ServerStart (ServerStart.java:9) - Server start
INFO  2021-03-10 13:02:01 [nioEventLoopGroup-3-1] ServerPack.HandlerSerializable (HandlerSerializable.java:41) - Client is authorisation
INFO  2021-03-10 13:02:18 [nioEventLoopGroup-3-1] ServerPack.HandlerSerializable (HandlerSerializable.java:103) - File ServerSaveFiles\ServerClientDirectory\newFile\ОПИСАНИЕ.TXT rename new.txt
INFO  2021-03-10 13:03:38 [nioEventLoopGroup-3-2] ServerPack.HandlerSerializable (HandlerSerializable.java:53) - Client is not authorisation
INFO  2021-03-10 13:03:47 [nioEventLoopGroup-3-2] ServerPack.HandlerSerializable (HandlerSerializable.java:53) - Client is not authorisation
INFO  2021-03-10 13:04:01 [nioEventLoopGroup-3-2] ServerPack.HandlerSerializable (HandlerSerializable.java:41) - Client is authorisation
INFO  2021-03-10 13:05:22 [nioEventLoopGroup-3-1] ServerPack.HandlerSerializable (HandlerSerializable.java:217) - Удаленный хост принудительно разорвал существующее подключение
INFO  2021-03-10 13:05:26 [nioEventLoopGroup-3-2] ServerPack.HandlerSerializable (HandlerSerializable.java:217) - Удаленный хост принудительно разорвал существующее подключение
