INFO  2021-03-03 14:04:32 [JavaFX Application Thread] Client.ApplicationBasic (ApplicationBasic.java:29) - запуск приложения
INFO  2021-03-03 15:02:58 [JavaFX Application Thread] Client.ApplicationBasic (ApplicationBasic.java:29) - запуск приложения
INFO  2021-03-03 15:03:36 [JavaFX Application Thread] Client.Client (Client.java:25) - start stream socket, input and output
INFO  2021-03-03 15:03:37 [JavaFX Application Thread] Client.ControllerRegistration (ControllerRegistration.java:42) - Авторизация прошла успешно
INFO  2021-03-03 15:03:37 [JavaFX Application Thread] Client.Client (Client.java:47) - start connect
INFO  2021-03-03 15:21:13 [JavaFX Application Thread] Client.ApplicationBasic (ApplicationBasic.java:29) - запуск приложения
INFO  2021-03-03 15:21:28 [JavaFX Application Thread] Client.Client (Client.java:25) - start stream socket, input and output
INFO  2021-03-03 15:21:28 [JavaFX Application Thread] Client.ControllerRegistration (ControllerRegistration.java:42) - Авторизация прошла успешно
INFO  2021-03-03 15:21:28 [JavaFX Application Thread] Client.Client (Client.java:47) - start connect
INFO  2021-03-03 15:21:54 [JavaFX Application Thread] Client.ControllerBasic (ControllerBasic.java:104) - exit program!
INFO  2021-03-05 14:11:23 [JavaFX Application Thread] Client.ApplicationBasic (ApplicationBasic.java:29) - запуск приложения
INFO  2021-03-05 14:11:38 [JavaFX Application Thread] Client.Client (Client.java:25) - start stream socket, input and output
INFO  2021-03-05 14:11:38 [JavaFX Application Thread] Client.ControllerRegistration (ControllerRegistration.java:42) - Авторизация прошла успешно
INFO  2021-03-05 14:11:38 [JavaFX Application Thread] Client.Client (Client.java:47) - start connect
<<<<<<< HEAD
INFO  2021-03-05 14:30:12 [JavaFX Application Thread] Client.ApplicationBasic (ApplicationBasic.java:29) - запуск приложения
INFO  2021-03-05 14:30:26 [JavaFX Application Thread] Client.Client (Client.java:25) - start stream socket, input and output
INFO  2021-03-05 14:30:27 [JavaFX Application Thread] Client.ControllerRegistration (ControllerRegistration.java:42) - Авторизация прошла успешно
INFO  2021-03-05 14:30:27 [JavaFX Application Thread] Client.Client (Client.java:47) - start connect
INFO  2021-03-05 14:31:23 [JavaFX Application Thread] Client.ControllerBasic (ControllerBasic.java:104) - exit program!
=======
>>>>>>> 266e906c31380b928f3a2f62e715f4e18ff283dd
INFO  2021-03-05 14:45:28 [JavaFX Application Thread] Client.ApplicationBasic (ApplicationBasic.java:29) - запуск приложения
INFO  2021-03-05 14:45:41 [JavaFX Application Thread] Client.Client (Client.java:25) - start stream socket, input and output
INFO  2021-03-05 14:45:42 [JavaFX Application Thread] Client.ControllerRegistration (ControllerRegistration.java:42) - Авторизация прошла успешно
INFO  2021-03-05 14:45:42 [JavaFX Application Thread] Client.Client (Client.java:47) - start connect
INFO  2021-03-05 14:46:06 [JavaFX Application Thread] Client.ControllerBasic (ControllerBasic.java:104) - exit program!
INFO  2021-03-05 22:56:32 [JavaFX Application Thread] Client.ApplicationBasic (ApplicationBasic.java:29) - запуск приложения
INFO  2021-03-05 22:56:41 [JavaFX Application Thread] Client.Client (Client.java:25) - start stream socket, input and output
INFO  2021-03-05 22:56:42 [JavaFX Application Thread] Client.ControllerRegistration (ControllerRegistration.java:42) - Авторизация прошла успешно
INFO  2021-03-05 22:56:42 [JavaFX Application Thread] Client.Client (Client.java:47) - start connect
INFO  2021-03-05 22:56:58 [JavaFX Application Thread] Client.ControllerBasic (ControllerBasic.java:104) - exit program!
